#
# There is insufficient memory for the Java Runtime Environment to continue.
# Native memory allocation (malloc) failed to allocate 312160 bytes for Chunk::new
# Possible reasons:
#   The system is out of physical RAM or swap space
#   In 32 bit mode, the process size limit was hit
# Possible solutions:
#   Reduce memory load on the system
#   Increase physical memory or swap space
#   Check if swap backing store is full
#   Use 64 bit Java on a 64 bit OS
#   Decrease Java heap size (-Xmx/-Xms)
#   Decrease number of Java threads
#   Decrease Java thread stack sizes (-Xss)
#   Set larger code cache with -XX:ReservedCodeCacheSize=
# This output file may be truncated or incomplete.
#
#  Out of Memory Error (allocation.cpp:390), pid=17716, tid=0x0000000000004cd8
#
# JRE version: Java(TM) SE Runtime Environment (8.0_144-b01) (build 1.8.0_144-b01)
# Java VM: Java HotSpot(TM) 64-Bit Server VM (25.144-b01 mixed mode windows-amd64 compressed oops)
# Failed to write core dump. Minidumps are not enabled by default on client versions of Windows
#

---------------  T H R E A D  ---------------

Current thread (0x0000000018a3f000):  JavaThread "C2 CompilerThread0" daemon [_thread_in_native, id=19672, stack(0x00000000193f0000,0x00000000194f0000)]

Stack: [0x00000000193f0000,0x00000000194f0000]
[error occurred during error reporting (printing stack bounds), id 0xc0000005]

Native frames: (J=compiled Java code, j=interpreted, Vv=VM code, C=native code)


Current CompileTask:
C2:3040291 4144       4       org.eclipse.osgi.internal.loader.BundleLoader::findClass (7 bytes)


---------------  P R O C E S S  ---------------

Java Threads: ( => current thread )
  0x000000001e40a800 JavaThread "Framework stop" [_thread_blocked, id=8128, stack(0x00000000216e0000,0x00000000217e0000)]
  0x000000001e409000 JavaThread "Worker-4" [_thread_blocked, id=11496, stack(0x00000000212e0000,0x00000000213e0000)]
  0x000000001e40c000 JavaThread "Worker-3" [_thread_blocked, id=16432, stack(0x0000000020fe0000,0x00000000210e0000)]
  0x000000001e701000 JavaThread "pool-1-thread-1" [_thread_in_native, id=9056, stack(0x00000000205b0000,0x00000000206b0000)]
  0x000000001dacd800 JavaThread "pool-2-thread-1" [_thread_blocked, id=19016, stack(0x000000001f2e0000,0x000000001f3e0000)]
  0x000000001ad86000 JavaThread "Bundle File Closer" daemon [_thread_blocked, id=19668, stack(0x000000001c740000,0x000000001c840000)]
  0x000000001adb8000 JavaThread "Java indexing" daemon [_thread_blocked, id=7492, stack(0x000000001c640000,0x000000001c740000)]
  0x000000001a867000 JavaThread "Worker-JM" [_thread_blocked, id=16316, stack(0x000000001bc40000,0x000000001bd40000)]
  0x000000001a322800 JavaThread "Start Level: Equinox Container: aff8ad7b-4dc2-4f9f-bb6d-336bd4a468c1" daemon [_thread_blocked, id=18600, stack(0x000000001b740000,0x000000001b840000)]
  0x000000001a3bd800 JavaThread "Framework Event Dispatcher: Equinox Container: aff8ad7b-4dc2-4f9f-bb6d-336bd4a468c1" daemon [_thread_blocked, id=18968, stack(0x000000001b640000,0x000000001b740000)]
  0x000000001a1de800 JavaThread "Active Thread: Equinox Container: aff8ad7b-4dc2-4f9f-bb6d-336bd4a468c1" [_thread_blocked, id=19664, stack(0x000000001b540000,0x000000001b640000)]
  0x0000000018ab9000 JavaThread "Service Thread" daemon [_thread_blocked, id=5672, stack(0x00000000196f0000,0x00000000197f0000)]
  0x0000000018a4e800 JavaThread "C1 CompilerThread2" daemon [_thread_blocked, id=12956, stack(0x00000000195f0000,0x00000000196f0000)]
  0x0000000018a43800 JavaThread "C2 CompilerThread1" daemon [_thread_in_native, id=18828, stack(0x00000000194f0000,0x00000000195f0000)]
=>0x0000000018a3f000 JavaThread "C2 CompilerThread0" daemon [_thread_in_native, id=19672, stack(0x00000000193f0000,0x00000000194f0000)]
  0x0000000018a3e800 JavaThread "Attach Listener" daemon [_thread_blocked, id=19344, stack(0x00000000192f0000,0x00000000193f0000)]
  0x0000000018a3b800 JavaThread "Signal Dispatcher" daemon [_thread_blocked, id=15332, stack(0x00000000191f0000,0x00000000192f0000)]
  0x0000000018a3a800 JavaThread "Surrogate Locker Thread (Concurrent GC)" daemon [_thread_blocked, id=18884, stack(0x00000000190f0000,0x00000000191f0000)]
  0x00000000189d8000 JavaThread "Finalizer" daemon [_thread_blocked, id=19692, stack(0x0000000018f00000,0x0000000019000000)]
  0x00000000189cc000 JavaThread "Reference Handler" daemon [_thread_blocked, id=1444, stack(0x0000000018e00000,0x0000000018f00000)]
  0x0000000002cae000 JavaThread "main" [_thread_blocked, id=19888, stack(0x0000000002cb0000,0x0000000002db0000)]

Other Threads:
  0x00000000189c7000 VMThread [stack: 0x0000000018d00000,0x0000000018e00000] [id=2012]
  0x0000000018ad8000 WatcherThread [stack: 0x00000000197f0000,0x00000000198f0000] [id=18516]

VM state:not at safepoint (normal execution)

VM Mutex/Monitor currently owned by a thread: None

Heap:
 garbage-first heap   total 60416K, used 18881K [0x00000000c0000000, 0x00000000c01001d8, 0x0000000100000000)
  region size 1024K, 2 young (2048K), 0 survivors (0K)
 Metaspace       used 37596K, capacity 39730K, committed 40188K, reserved 1085440K
  class space    used 4095K, capacity 4719K, committed 4860K, reserved 1048576K

Heap Regions: (Y=young(eden), SU=young(survivor), HS=humongous(starts), HC=humongous(continues), CS=collection set, F=free, TS=gc time stamp, PTAMS=previous top-at-mark-start, NTAMS=next top-at-mark-start)
AC   0  O    TS     0 PTAMS 0x00000000c0000000 NTAMS 0x00000000c0000000 space 1024K,  99% used [0x00000000c0000000, 0x00000000c0100000)
AC   0  O    TS     0 PTAMS 0x00000000c0100000 NTAMS 0x00000000c0100000 space 1024K,  99% used [0x00000000c0100000, 0x00000000c0200000)
AC   0  O    TS     0 PTAMS 0x00000000c0200000 NTAMS 0x00000000c0200000 space 1024K,  99% used [0x00000000c0200000, 0x00000000c0300000)
AC   0  O    TS     0 PTAMS 0x00000000c0300000 NTAMS 0x00000000c0300000 space 1024K, 100% used [0x00000000c0300000, 0x00000000c0400000)
AC   0  O    TS     0 PTAMS 0x00000000c0400000 NTAMS 0x00000000c0400000 space 1024K,  99% used [0x00000000c0400000, 0x00000000c0500000)
AC   0  O    TS     0 PTAMS 0x00000000c0500000 NTAMS 0x00000000c0500000 space 1024K,  99% used [0x00000000c0500000, 0x00000000c0600000)
AC   0  O    TS     0 PTAMS 0x00000000c0600000 NTAMS 0x00000000c0600000 space 1024K,  99% used [0x00000000c0600000, 0x00000000c0700000)
AC   0  O    TS     0 PTAMS 0x00000000c0700000 NTAMS 0x00000000c0700000 space 1024K,  99% used [0x00000000c0700000, 0x00000000c0800000)
AC   0  O    TS     0 PTAMS 0x00000000c0800000 NTAMS 0x00000000c0800000 space 1024K,  99% used [0x00000000c0800000, 0x00000000c0900000)
AC   0  O    TS     0 PTAMS 0x00000000c0900000 NTAMS 0x00000000c0900000 space 1024K,  99% used [0x00000000c0900000, 0x00000000c0a00000)
AC   0  O    TS     0 PTAMS 0x00000000c0a00000 NTAMS 0x00000000c0a00000 space 1024K,  94% used [0x00000000c0a00000, 0x00000000c0b00000)
AC   0  O    TS     0 PTAMS 0x00000000c0b00000 NTAMS 0x00000000c0b00000 space 1024K,  99% used [0x00000000c0b00000, 0x00000000c0c00000)
AC   0  O    TS     0 PTAMS 0x00000000c0c00000 NTAMS 0x00000000c0c00000 space 1024K, 100% used [0x00000000c0c00000, 0x00000000c0d00000)
AC   0  O    TS     0 PTAMS 0x00000000c0d00000 NTAMS 0x00000000c0d00000 space 1024K,  99% used [0x00000000c0d00000, 0x00000000c0e00000)
AC   0  O    TS     0 PTAMS 0x00000000c0e00000 NTAMS 0x00000000c0e00000 space 1024K,  97% used [0x00000000c0e00000, 0x00000000c0f00000)
AC   0  O    TS     0 PTAMS 0x00000000c0f00000 NTAMS 0x00000000c0f00000 space 1024K,  99% used [0x00000000c0f00000, 0x00000000c1000000)
AC   0  O    TS     0 PTAMS 0x00000000c1000000 NTAMS 0x00000000c1000000 space 1024K, 100% used [0x00000000c1000000, 0x00000000c1100000)
AC   0  O    TS     0 PTAMS 0x00000000c1100000 NTAMS 0x00000000c1100000 space 1024K,  53% used [0x00000000c1100000, 0x00000000c1200000)
AC   0  F    TS     0 PTAMS 0x00000000c1200000 NTAMS 0x00000000c1200000 space 1024K,   0% used [0x00000000c1200000, 0x00000000c1300000)
AC   0  F    TS     0 PTAMS 0x00000000c1300000 NTAMS 0x00000000c1300000 space 1024K,   0% used [0x00000000c1300000, 0x00000000c1400000)
AC   0  F    TS     0 PTAMS 0x00000000c1400000 NTAMS 0x00000000c1400000 space 1024K,   0% used [0x00000000c1400000, 0x00000000c1500000)
AC   0  F    TS     0 PTAMS 0x00000000c1500000 NTAMS 0x00000000c1500000 space 1024K,   0% used [0x00000000c1500000, 0x00000000c1600000)
AC   0  F    TS     0 PTAMS 0x00000000c1600000 NTAMS 0x00000000c1600000 space 1024K,   0% used [0x00000000c1600000, 0x00000000c1700000)
AC   0  F    TS     0 PTAMS 0x00000000c1700000 NTAMS 0x00000000c1700000 space 1024K,   0% used [0x00000000c1700000, 0x00000000c1800000)
AC   0  F    TS     0 PTAMS 0x00000000c1800000 NTAMS 0x00000000c1800000 space 1024K,   0% used [0x00000000c1800000, 0x00000000c1900000)
AC   0  F    TS     0 PTAMS 0x00000000c1900000 NTAMS 0x00000000c1900000 space 1024K,   0% used [0x00000000c1900000, 0x00000000c1a00000)
AC   0  F    TS     0 PTAMS 0x00000000c1a00000 NTAMS 0x00000000c1a00000 space 1024K,   0% used [0x00000000c1a00000, 0x00000000c1b00000)
AC   0  F    TS     0 PTAMS 0x00000000c1b00000 NTAMS 0x00000000c1b00000 space 1024K,   0% used [0x00000000c1b00000, 0x00000000c1c00000)
AC   0  F    TS     0 PTAMS 0x00000000c1c00000 NTAMS 0x00000000c1c00000 space 1024K,   0% used [0x00000000c1c00000, 0x00000000c1d00000)
AC   0  F    TS     0 PTAMS 0x00000000c1d00000 NTAMS 0x00000000c1d00000 space 1024K,   0% used [0x00000000c1d00000, 0x00000000c1e00000)
AC   0  F    TS     0 PTAMS 0x00000000c1e00000 NTAMS 0x00000000c1e00000 space 1024K,   0% used [0x00000000c1e00000, 0x00000000c1f00000)
AC   0  F    TS     0 PTAMS 0x00000000c1f00000 NTAMS 0x00000000c1f00000 space 1024K,   0% used [0x00000000c1f00000, 0x00000000c2000000)
AC   0  F    TS     0 PTAMS 0x00000000c2000000 NTAMS 0x00000000c2000000 space 1024K,   0% used [0x00000000c2000000, 0x00000000c2100000)
AC   0  F    TS     0 PTAMS 0x00000000c2100000 NTAMS 0x00000000c2100000 space 1024K,   0% used [0x00000000c2100000, 0x00000000c2200000)
AC   0  F    TS     0 PTAMS 0x00000000c2200000 NTAMS 0x00000000c2200000 space 1024K,   0% used [0x00000000c2200000, 0x00000000c2300000)
AC   0  F    TS     0 PTAMS 0x00000000c2300000 NTAMS 0x00000000c2300000 space 1024K,   0% used [0x00000000c2300000, 0x00000000c2400000)
AC   0  F    TS     0 PTAMS 0x00000000c2400000 NTAMS 0x00000000c2400000 space 1024K,   0% used [0x00000000c2400000, 0x00000000c2500000)
AC   0  F    TS     0 PTAMS 0x00000000c2500000 NTAMS 0x00000000c2500000 space 1024K,   0% used [0x00000000c2500000, 0x00000000c2600000)
AC   0  F    TS     0 PTAMS 0x00000000c2600000 NTAMS 0x00000000c2600000 space 1024K,   0% used [0x00000000c2600000, 0x00000000c2700000)
AC   0  F    TS     0 PTAMS 0x00000000c2700000 NTAMS 0x00000000c2700000 space 1024K,   0% used [0x00000000c2700000, 0x00000000c2800000)
AC   0  F    TS     0 PTAMS 0x00000000c2800000 NTAMS 0x00000000c2800000 space 1024K,   0% used [0x00000000c2800000, 0x00000000c2900000)
AC   0  F    TS     0 PTAMS 0x00000000c2900000 NTAMS 0x00000000c2900000 space 1024K,   0% used [0x00000000c2900000, 0x00000000c2a00000)
AC   0  F    TS     0 PTAMS 0x00000000c2a00000 NTAMS 0x00000000c2a00000 space 1024K,   0% used [0x00000000c2a00000, 0x00000000c2b00000)
AC   0  F    TS     0 PTAMS 0x00000000c2b00000 NTAMS 0x00000000c2b00000 space 1024K,   0% used [0x00000000c2b00000, 0x00000000c2c00000)
AC   0  F    TS     0 PTAMS 0x00000000c2c00000 NTAMS 0x00000000c2c00000 space 1024K,   0% used [0x00000000c2c00000, 0x00000000c2d00000)
AC   0  F    TS     0 PTAMS 0x00000000c2d00000 NTAMS 0x00000000c2d00000 space 1024K,   0% used [0x00000000c2d00000, 0x00000000c2e00000)
AC   0  F    TS     0 PTAMS 0x00000000c2e00000 NTAMS 0x00000000c2e00000 space 1024K,   0% used [0x00000000c2e00000, 0x00000000c2f00000)
AC   0  F    TS     0 PTAMS 0x00000000c2f00000 NTAMS 0x00000000c2f00000 space 1024K,   0% used [0x00000000c2f00000, 0x00000000c3000000)
AC   0  F    TS     0 PTAMS 0x00000000c3000000 NTAMS 0x00000000c3000000 space 1024K,   0% used [0x00000000c3000000, 0x00000000c3100000)
AC   0  F    TS     0 PTAMS 0x00000000c3100000 NTAMS 0x00000000c3100000 space 1024K,   0% used [0x00000000c3100000, 0x00000000c3200000)
AC   0  F    TS     0 PTAMS 0x00000000c3200000 NTAMS 0x00000000c3200000 space 1024K,   0% used [0x00000000c3200000, 0x00000000c3300000)
AC   0  F    TS     0 PTAMS 0x00000000c3300000 NTAMS 0x00000000c3300000 space 1024K,   0% used [0x00000000c3300000, 0x00000000c3400000)
AC   0  F    TS     0 PTAMS 0x00000000c3400000 NTAMS 0x00000000c3400000 space 1024K,   0% used [0x00000000c3400000, 0x00000000c3500000)
AC   0  F    TS     0 PTAMS 0x00000000c3500000 NTAMS 0x00000000c3500000 space 1024K,   0% used [0x00000000c3500000, 0x00000000c3600000)
AC   0  F    TS     0 PTAMS 0x00000000c3600000 NTAMS 0x00000000c3600000 space 1024K,   0% used [0x00000000c3600000, 0x00000000c3700000)
AC   0  F    TS     0 PTAMS 0x00000000c3700000 NTAMS 0x00000000c3700000 space 1024K,   0% used [0x00000000c3700000, 0x00000000c3800000)
AC   0  F    TS     0 PTAMS 0x00000000c3800000 NTAMS 0x00000000c3800000 space 1024K,   0% used [0x00000000c3800000, 0x00000000c3900000)
AC   0  E    TS     0 PTAMS 0x00000000c3900000 NTAMS 0x00000000c3900000 space 1024K, 100% used [0x00000000c3900000, 0x00000000c3a00000)
AC   0  E CS TS     0 PTAMS 0x00000000c3a00000 NTAMS 0x00000000c3a00000 space 1024K, 100% used [0x00000000c3a00000, 0x00000000c3b00000)

Card table byte_map: [0x00000000133c0000,0x00000000135c0000] byte_map_base: 0x0000000012dc0000

Marking Bits (Prev, Next): (CMBitMap*) 0x0000000002de6b28, (CMBitMap*) 0x0000000002de6b80
 Prev Bits: [0x00000000137c0000, 0x00000000147c0000)
 Next Bits: [0x00000000147c0000, 0x00000000157c0000)

Polling page: 0x0000000000f40000

CodeCache: size=245760Kb used=11686Kb max_used=12738Kb free=234073Kb
 bounds [0x0000000002eb0000, 0x0000000003b40000, 0x0000000011eb0000]
 total_blobs=4140 nmethods=3618 adapters=434
 compilation: enabled

Compilation events (10 events):
Event: 3039.654 Thread 0x0000000018a3f000 nmethod 4141 0x00000000039409d0 code [0x0000000003940b40, 0x0000000003941618]
Event: 3039.654 Thread 0x0000000018a3f000 4143   !   4       java.util.Collections$SynchronizedCollection::contains (25 bytes)
Event: 3039.684 Thread 0x0000000018a3f000 nmethod 4143 0x0000000002fbb490 code [0x0000000002fbb640, 0x0000000002fbc218]
Event: 3039.684 Thread 0x0000000018a3f000 4144       4       org.eclipse.osgi.internal.loader.BundleLoader::findClass (7 bytes)
Event: 3039.690 Thread 0x0000000018a4e800 4147   !   3       org.eclipse.osgi.storage.BundleInfo$Generation::getDomain (86 bytes)
Event: 3039.690 Thread 0x0000000018a43800 nmethod 4118 0x000000000356f010 code [0x000000000356f440, 0x00000000035733a8]
Event: 3039.690 Thread 0x0000000018a43800 4145       4       org.eclipse.osgi.internal.loader.BundleLoader::findClass (36 bytes)
Event: 3039.691 Thread 0x0000000018a4e800 nmethod 4147 0x000000000393f790 code [0x000000000393f980, 0x0000000003940448]
Event: 3039.691 Thread 0x0000000018a4e800 4148   !   3       org.eclipse.osgi.internal.framework.EquinoxEventPublisher::newListenerQueue (24 bytes)
Event: 3039.692 Thread 0x0000000018a4e800 nmethod 4148 0x00000000035d0890 code [0x00000000035d0a00, 0x00000000035d0d88]

GC Heap History (10 events):
Event: 2954.896 GC heap before
{Heap before GC invocations=171 (full 163):
 garbage-first heap   total 60416K, used 17857K [0x00000000c0000000, 0x00000000c01001d8, 0x0000000100000000)
  region size 1024K, 1 young (1024K), 0 survivors (0K)
 Metaspace       used 37516K, capacity 39666K, committed 40188K, reserved 1085440K
  class space    used 4083K, capacity 4719K, committed 4860K, reserved 1048576K
Event: 2954.995 GC heap after
Heap after GC invocations=172 (full 164):
 garbage-first heap   total 60416K, used 17857K [0x00000000c0000000, 0x00000000c01001d8, 0x0000000100000000)
  region size 1024K, 0 young (0K), 0 survivors (0K)
 Metaspace       used 37516K, capacity 39666K, committed 40188K, reserved 1085440K
  class space    used 4083K, capacity 4719K, committed 4860K, reserved 1048576K
}
Event: 2965.173 GC heap before
{Heap before GC invocations=172 (full 164):
 garbage-first heap   total 60416K, used 17857K [0x00000000c0000000, 0x00000000c01001d8, 0x0000000100000000)
  region size 1024K, 1 young (1024K), 0 survivors (0K)
 Metaspace       used 37516K, capacity 39666K, committed 40188K, reserved 1085440K
  class space    used 4083K, capacity 4719K, committed 4860K, reserved 1048576K
Event: 2965.272 GC heap after
Heap after GC invocations=173 (full 165):
 garbage-first heap   total 60416K, used 17857K [0x00000000c0000000, 0x00000000c01001d8, 0x0000000100000000)
  region size 1024K, 0 young (0K), 0 survivors (0K)
 Metaspace       used 37516K, capacity 39666K, committed 40188K, reserved 1085440K
  class space    used 4083K, capacity 4719K, committed 4860K, reserved 1048576K
}
Event: 2975.448 GC heap before
{Heap before GC invocations=173 (full 165):
 garbage-first heap   total 60416K, used 17857K [0x00000000c0000000, 0x00000000c01001d8, 0x0000000100000000)
  region size 1024K, 1 young (1024K), 0 survivors (0K)
 Metaspace       used 37516K, capacity 39666K, committed 40188K, reserved 1085440K
  class space    used 4083K, capacity 4719K, committed 4860K, reserved 1048576K
Event: 2975.545 GC heap after
Heap after GC invocations=174 (full 166):
 garbage-first heap   total 60416K, used 17857K [0x00000000c0000000, 0x00000000c01001d8, 0x0000000100000000)
  region size 1024K, 0 young (0K), 0 survivors (0K)
 Metaspace       used 37516K, capacity 39666K, committed 40188K, reserved 1085440K
  class space    used 4083K, capacity 4719K, committed 4860K, reserved 1048576K
}
Event: 2985.755 GC heap before
{Heap before GC invocations=174 (full 166):
 garbage-first heap   total 60416K, used 17857K [0x00000000c0000000, 0x00000000c01001d8, 0x0000000100000000)
  region size 1024K, 1 young (1024K), 0 survivors (0K)
 Metaspace       used 37516K, capacity 39666K, committed 40188K, reserved 1085440K
  class space    used 4083K, capacity 4719K, committed 4860K, reserved 1048576K
Event: 2985.853 GC heap after
Heap after GC invocations=175 (full 167):
 garbage-first heap   total 60416K, used 17857K [0x00000000c0000000, 0x00000000c01001d8, 0x0000000100000000)
  region size 1024K, 0 young (0K), 0 survivors (0K)
 Metaspace       used 37516K, capacity 39666K, committed 40188K, reserved 1085440K
  class space    used 4083K, capacity 4719K, committed 4860K, reserved 1048576K
}
Event: 3038.980 GC heap before
{Heap before GC invocations=175 (full 167):
 garbage-first heap   total 60416K, used 17857K [0x00000000c0000000, 0x00000000c01001d8, 0x0000000100000000)
  region size 1024K, 1 young (1024K), 0 survivors (0K)
 Metaspace       used 37516K, capacity 39666K, committed 40188K, reserved 1085440K
  class space    used 4083K, capacity 4719K, committed 4860K, reserved 1048576K
Event: 3039.157 GC heap after
Heap after GC invocations=176 (full 168):
 garbage-first heap   total 60416K, used 17857K [0x00000000c0000000, 0x00000000c01001d8, 0x0000000100000000)
  region size 1024K, 0 young (0K), 0 survivors (0K)
 Metaspace       used 37516K, capacity 39666K, committed 40188K, reserved 1085440K
  class space    used 4083K, capacity 4719K, committed 4860K, reserved 1048576K
}

Deoptimization events (10 events):
Event: 4.830 Thread 0x000000001e40c000 Uncommon trap: reason=bimorphic action=maybe_recompile pc=0x00000000031ad57c method=java.util.LinkedHashMap.afterNodeInsertion(Z)V @ 15
Event: 4.833 Thread 0x000000001e40c000 Uncommon trap: reason=bimorphic action=maybe_recompile pc=0x00000000031ad57c method=java.util.LinkedHashMap.afterNodeInsertion(Z)V @ 15
Event: 4.878 Thread 0x000000001e40c000 Uncommon trap: reason=bimorphic action=maybe_recompile pc=0x00000000031ad57c method=java.util.LinkedHashMap.afterNodeInsertion(Z)V @ 15
Event: 4.880 Thread 0x000000001e40c000 Uncommon trap: reason=bimorphic action=maybe_recompile pc=0x00000000031ad57c method=java.util.LinkedHashMap.afterNodeInsertion(Z)V @ 15
Event: 4.923 Thread 0x000000001aba9800 Uncommon trap: reason=null_check action=make_not_entrant pc=0x00000000038ea22c method=org.eclipse.osgi.internal.loader.BundleLoader.addExportedProvidersFor(Ljava/lang/String;Ljava/util/List;Ljava/util/Collection;)V @ 115
Event: 31.033 Thread 0x000000001a1de800 Uncommon trap: reason=unstable_if action=reinterpret pc=0x00000000035375e8 method=java.io.BufferedOutputStream.write(I)V @ 9
Event: 44.229 Thread 0x00000000189d8000 Uncommon trap: reason=unstable_if action=reinterpret pc=0x00000000030f9664 method=java.util.WeakHashMap.expungeStaleEntries()V @ 9
Event: 75.159 Thread 0x00000000189cc000 Uncommon trap: reason=unstable_if action=reinterpret pc=0x00000000032812fc method=java.lang.ref.Reference.tryHandlePending(Z)Z @ 20
Event: 3039.321 Thread 0x0000000002cae000 Uncommon trap: reason=unstable_if action=reinterpret pc=0x0000000003293ba8 method=java.lang.ref.SoftReference.get()Ljava/lang/Object; @ 6
Event: 3039.330 Thread 0x0000000002cae000 Uncommon trap: reason=unstable_if action=reinterpret pc=0x00000000037119ec method=java.lang.ref.SoftReference.get()Ljava/lang/Object; @ 6

Internal exceptions (10 events):
Event: 4.664 Thread 0x000000001e701000 Exception <a 'sun/nio/fs/WindowsException'> (0x00000000c6a26978) thrown at [C:\re\workspace\8-2-build-windows-amd64-cygwin\jdk8u144\9417\hotspot\src\share\vm\prims\jni.cpp, line 709]
Event: 4.683 Thread 0x000000001aba9800 Exception <a 'java/io/FileNotFoundException'> (0x00000000c6d61c80) thrown at [C:\re\workspace\8-2-build-windows-amd64-cygwin\jdk8u144\9417\hotspot\src\share\vm\prims\jni.cpp, line 709]
Event: 4.706 Thread 0x000000001e40c000 Exception <a 'java/io/FileNotFoundException'> (0x00000000c681d140) thrown at [C:\re\workspace\8-2-build-windows-amd64-cygwin\jdk8u144\9417\hotspot\src\share\vm\prims\jni.cpp, line 709]
Event: 4.922 Thread 0x000000001aba9800 Exception <a 'java/io/FileNotFoundException'> (0x00000000c61109f0) thrown at [C:\re\workspace\8-2-build-windows-amd64-cygwin\jdk8u144\9417\hotspot\src\share\vm\prims\jni.cpp, line 709]
Event: 4.923 Thread 0x000000001aba9800 Exception <a 'java/io/FileNotFoundException'> (0x00000000c61122e0) thrown at [C:\re\workspace\8-2-build-windows-amd64-cygwin\jdk8u144\9417\hotspot\src\share\vm\prims\jni.cpp, line 709]
Event: 4.923 Thread 0x000000001aba9800 Implicit null exception at 0x00000000038e5752 to 0x00000000038ea221
Event: 3039.321 Thread 0x0000000002cae000 Implicit null exception at 0x00000000032932fe to 0x0000000003293b69
Event: 3039.330 Thread 0x0000000002cae000 Implicit null exception at 0x0000000003710f51 to 0x00000000037119d1
Event: 3039.620 Thread 0x000000001e40a800 Exception <a 'sun/nio/fs/WindowsException'> (0x00000000c39c7358) thrown at [C:\re\workspace\8-2-build-windows-amd64-cygwin\jdk8u144\9417\hotspot\src\share\vm\prims\jni.cpp, line 709]
Event: 3039.687 Thread 0x000000001e40a800 Exception <a 'java/io/FileNotFoundException'> (0x00000000c39e59e8) thrown at [C:\re\workspace\8-2-build-windows-amd64-cygwin\jdk8u144\9417\hotspot\src\share\vm\prims\jni.cpp, line 709]

Events (10 events):
Event: 3039.477 loading class org/eclipse/osgi/internal/container/ComputeNodeOrder
Event: 3039.477 loading class org/eclipse/osgi/internal/container/ComputeNodeOrder done
Event: 3039.478 loading class org/eclipse/osgi/internal/container/ComputeNodeOrder$Digraph
Event: 3039.478 loading class org/eclipse/osgi/internal/container/ComputeNodeOrder$Digraph done
Event: 3039.479 loading class org/eclipse/osgi/internal/container/ComputeNodeOrder$Digraph$Vertex
Event: 3039.479 loading class org/eclipse/osgi/internal/container/ComputeNodeOrder$Digraph$Vertex done
Event: 3039.485 loading class org/eclipse/osgi/internal/framework/BundleContextImpl$4
Event: 3039.485 loading class org/eclipse/osgi/internal/framework/BundleContextImpl$4 done
Event: 3039.620 Thread 0x000000001e40a800 DEOPT PACKING pc=0x0000000003462aaa sp=0x00000000217dd5f0
Event: 3039.620 Thread 0x000000001e40a800 DEOPT UNPACKING pc=0x0000000002ef787f sp=0x00000000217dd3b8 mode 0


Dynamic libraries:
0x00007ff7e2390000 - 0x00007ff7e23c7000 	C:\Program Files\Java\jdk1.8.0_144\bin\java.exe
0x00007ffe2e540000 - 0x00007ffe2e721000 	C:\WINDOWS\SYSTEM32\ntdll.dll
0x00007ffe2bb10000 - 0x00007ffe2bbc2000 	C:\WINDOWS\System32\KERNEL32.DLL
0x00007ffe2ac30000 - 0x00007ffe2aea3000 	C:\WINDOWS\System32\KERNELBASE.dll
0x00007ffe2dc60000 - 0x00007ffe2dd01000 	C:\WINDOWS\System32\ADVAPI32.dll
0x00007ffe2dbc0000 - 0x00007ffe2dc5e000 	C:\WINDOWS\System32\msvcrt.dll
0x00007ffe2bd60000 - 0x00007ffe2bdbb000 	C:\WINDOWS\System32\sechost.dll
0x00007ffe2b9d0000 - 0x00007ffe2baf4000 	C:\WINDOWS\System32\RPCRT4.dll
0x00007ffe2bfc0000 - 0x00007ffe2c150000 	C:\WINDOWS\System32\USER32.dll
0x00007ffe2aa20000 - 0x00007ffe2aa40000 	C:\WINDOWS\System32\win32u.dll
0x00007ffe2bcc0000 - 0x00007ffe2bce8000 	C:\WINDOWS\System32\GDI32.dll
0x00007ffe2b120000 - 0x00007ffe2b2b2000 	C:\WINDOWS\System32\gdi32full.dll
0x00007ffe2af30000 - 0x00007ffe2afcf000 	C:\WINDOWS\System32\msvcp_win.dll
0x00007ffe2afd0000 - 0x00007ffe2b0c8000 	C:\WINDOWS\System32\ucrtbase.dll
0x00007ffe0da30000 - 0x00007ffe0dc99000 	C:\WINDOWS\WinSxS\amd64_microsoft.windows.common-controls_6595b64144ccf1df_6.0.17134.648_none_fb45a0e93062a6d2\COMCTL32.dll
0x00007ffe2dd10000 - 0x00007ffe2e032000 	C:\WINDOWS\System32\combase.dll
0x00007ffe2aeb0000 - 0x00007ffe2af2a000 	C:\WINDOWS\System32\bcryptPrimitives.dll
0x00007ffe2e040000 - 0x00007ffe2e06d000 	C:\WINDOWS\System32\IMM32.DLL
0x0000000066f50000 - 0x0000000067022000 	C:\Program Files\Java\jdk1.8.0_144\jre\bin\msvcr100.dll
0x00000000666b0000 - 0x0000000066f4d000 	C:\Program Files\Java\jdk1.8.0_144\jre\bin\server\jvm.dll
0x00007ffe2bd50000 - 0x00007ffe2bd58000 	C:\WINDOWS\System32\PSAPI.DLL
0x00007ffe19470000 - 0x00007ffe19479000 	C:\WINDOWS\SYSTEM32\WSOCK32.dll
0x00007ffe28960000 - 0x00007ffe28983000 	C:\WINDOWS\SYSTEM32\WINMM.dll
0x00007ffe1d940000 - 0x00007ffe1d94a000 	C:\WINDOWS\SYSTEM32\VERSION.dll
0x00007ffe2c5a0000 - 0x00007ffe2c60c000 	C:\WINDOWS\System32\WS2_32.dll
0x00007ffe28930000 - 0x00007ffe2895a000 	C:\WINDOWS\SYSTEM32\winmmbase.dll
0x00007ffe2b0d0000 - 0x00007ffe2b119000 	C:\WINDOWS\System32\cfgmgr32.dll
0x00000000666a0000 - 0x00000000666af000 	C:\Program Files\Java\jdk1.8.0_144\jre\bin\verify.dll
0x0000000066670000 - 0x0000000066699000 	C:\Program Files\Java\jdk1.8.0_144\jre\bin\java.dll
0x0000000066650000 - 0x0000000066666000 	C:\Program Files\Java\jdk1.8.0_144\jre\bin\zip.dll
0x00007ffe2c610000 - 0x00007ffe2da50000 	C:\WINDOWS\System32\SHELL32.dll
0x00007ffe2e370000 - 0x00007ffe2e419000 	C:\WINDOWS\System32\shcore.dll
0x00007ffe2b2c0000 - 0x00007ffe2b9cd000 	C:\WINDOWS\System32\windows.storage.dll
0x00007ffe2bf60000 - 0x00007ffe2bfb1000 	C:\WINDOWS\System32\shlwapi.dll
0x00007ffe2a8d0000 - 0x00007ffe2a8e1000 	C:\WINDOWS\System32\kernel.appcore.dll
0x00007ffe2a8f0000 - 0x00007ffe2a90f000 	C:\WINDOWS\System32\profapi.dll
0x00007ffe2a880000 - 0x00007ffe2a8cc000 	C:\WINDOWS\System32\powrprof.dll
0x00007ffe2a850000 - 0x00007ffe2a85a000 	C:\WINDOWS\System32\FLTLIB.DLL
0x00007ffe2a220000 - 0x00007ffe2a237000 	C:\WINDOWS\SYSTEM32\CRYPTSP.dll
0x00007ffe29c50000 - 0x00007ffe29c83000 	C:\WINDOWS\system32\rsaenh.dll
0x00007ffe2a3b0000 - 0x00007ffe2a3d5000 	C:\WINDOWS\SYSTEM32\bcrypt.dll
0x00007ffe2a780000 - 0x00007ffe2a7a8000 	C:\WINDOWS\SYSTEM32\USERENV.dll
0x00007ffe2a240000 - 0x00007ffe2a24b000 	C:\WINDOWS\SYSTEM32\CRYPTBASE.dll
0x0000000066630000 - 0x000000006664a000 	C:\Program Files\Java\jdk1.8.0_144\jre\bin\net.dll
0x00007ffe2a070000 - 0x00007ffe2a0d6000 	C:\WINDOWS\system32\mswsock.dll
0x00007ffe29df0000 - 0x00007ffe29e28000 	C:\WINDOWS\SYSTEM32\IPHLPAPI.DLL
0x00007ffe2e480000 - 0x00007ffe2e488000 	C:\WINDOWS\System32\NSI.dll
0x00007ffe20c30000 - 0x00007ffe20c46000 	C:\WINDOWS\SYSTEM32\dhcpcsvc6.DLL
0x00007ffe20b60000 - 0x00007ffe20b7a000 	C:\WINDOWS\SYSTEM32\dhcpcsvc.DLL
0x0000000066610000 - 0x0000000066621000 	C:\Program Files\Java\jdk1.8.0_144\jre\bin\nio.dll
0x00007ffe20680000 - 0x00007ffe206a9000 	C:\Users\flavi\.vscode\extensions\redhat.java-0.41.0\server\config_win\org.eclipse.equinox.launcher\org.eclipse.equinox.launcher.win32.win32.x86_64_1.1.1000.v20190125-2016\eclipse_1801.dll
0x00007ffe201d0000 - 0x00007ffe201e1000 	C:\Users\flavi\.vscode\extensions\redhat.java-0.41.0\server\config_win\org.eclipse.osgi\20\0\.cp\jWinHttp-1.0.0.dll
0x00007ffe2e070000 - 0x00007ffe2e1c1000 	C:\WINDOWS\System32\ole32.dll
0x00007ffe265f0000 - 0x00007ffe266cd000 	C:\WINDOWS\SYSTEM32\WINHTTP.dll

VM Arguments:
jvm_args: -Declipse.application=org.eclipse.jdt.ls.core.id1 -Dosgi.bundles.defaultStartLevel=4 -Declipse.product=org.eclipse.jdt.ls.core.product -Dfile.encoding=utf8 -Xverify:none -Xmx1G -XX:+UseG1GC -XX:+UseStringDeduplication 
java_command: C:\Users\flavi\.vscode\extensions\redhat.java-0.41.0\server\plugins\org.eclipse.equinox.launcher_1.5.300.v20190213-1655.jar -configuration C:\Users\flavi\.vscode\extensions\redhat.java-0.41.0\server\config_win -data c:\Users\flavi\AppData\Roaming\Code\User\workspaceStorage\484b7841e3a6ab870ca8ff08cd15baa3\redhat.java\jdt_ws
java_class_path (initial): C:\Users\flavi\.vscode\extensions\redhat.java-0.41.0\server\plugins\org.eclipse.equinox.launcher_1.5.300.v20190213-1655.jar
Launcher Type: SUN_STANDARD

Environment Variables:
PATH=C:\Program Files\Haskell\bin;C:\Program Files\Haskell Platform\8.6.3\lib\extralibs\bin;C:\Program Files\Haskell Platform\8.6.3\bin;C:\Program Files (x86)\Common Files\Oracle\Java\javapath;C:\Perl64\site\bin;C:\Perl64\bin;C:\ProgramData\Oracle\Java\javapath;C:\WINDOWS\system32;C:\WINDOWS;C:\WINDOWS\System32\Wbem;C:\WINDOWS\System32\WindowsPowerShell\v1.0\;C:\Program Files\MATLAB\R2017a\runtime\win64;C:\Program Files\MATLAB\R2017a\bin;C:\Program Files (x86)\Calibre2\;C:\Program Files\nodejs\;C:\Program Files\Git\cmd;C:\ProgramData\chocolatey\bin;C:\Program Files\MiKTeX 2.9\miktex\bin\x64;C:\WINDOWS\System32\OpenSSH\;C:\Program Files\Microsoft VS Code\bin;C:\MinGW\bin;C:\Program Files\PuTTY\;C:\Program Files\Haskell Platform\8.6.3\mingw\bin;C:\Users\flavi\AppData\Roaming\cabal\bin;C:\Users\flavi\AppData\Roaming\local\bin;C:\Users\flavi\AppData\Local\Microsoft\WindowsApps;C:\Users\flavi\AppData\Roaming\npm;C:\Program Files\Microsoft VS Code\bin;C:\texlive\2017\bin\win32;C:\Users\flavi\AppData\Local\Pandoc\;C:\Users\flavi\AppData\Local\GitHubDesktop\bin
USERNAME=flavi
OS=Windows_NT
PROCESSOR_IDENTIFIER=Intel64 Family 6 Model 142 Stepping 9, GenuineIntel



---------------  S Y S T E M  ---------------

OS: Windows 10.0 , 64 bit Build 17134 (10.0.17134.648)

CPU:total 4 (initial active 4) (2 cores per cpu, 2 threads per core) family 6 model 142 stepping 9, cmov, cx8, fxsr, mmx, sse, sse2, sse3, ssse3, sse4.1, sse4.2, popcnt, avx, avx2, aes, clmul, erms, rtm, 3dnowpref, lzcnt, ht, tsc, tscinvbit, bmi1, bmi2, adx

Memory: 4k page, physical 8312024k(744396k free), swap 8312024k(23500k free)

vm_info: Java HotSpot(TM) 64-Bit Server VM (25.144-b01) for windows-amd64 JRE (1.8.0_144-b01), built on Jul 21 2017 21:57:33 by "java_re" with MS VC++ 10.0 (VS2010)

time: Tue Mar 26 18:57:16 2019
elapsed time: 3039 seconds (0d 0h 50m 39s)

